<?xml version="1.0" encoding="UTF-8"?>
<robot generator="Robot 7.1 (Python 3.11.9 on win32)" generated="2024-09-25T11:27:01.352321" rpa="false" schemaversion="5">
<suite id="s1" name="Table Content" source="C:\Users\nn\dexterslab-robot-testing\table_content.robot">
<test id="s1-t1" name="Testing the table page content" line="12">
<kw name="GIVEN the user opens up" owner="resource">
<kw name="New Browser" owner="Browser">
<msg time="2024-09-25T11:27:04.322036" level="INFO">{"browser": "firefox", "headless": true, "chromiumSandbox": false, "devtools": false, "handleSIGHUP": true, "handleSIGINT": true, "handleSIGTERM": true, "slowMo": 0.0, "timeout": 30000.0, "tracesDir": "C:\\Users\\nn\\dexterslab-robot-testing\\browser\\traces\\7a75baa1-c4e8-44ae-9c6d-e56cf5d37385"}</msg>
<msg time="2024-09-25T11:27:06.079317" level="INFO">Successfully created browser with options: {"browser":"firefox","headless":true,"chromiumSandbox":false,"devtools":false,"handleSIGHUP":true,"handleSIGINT":true,"handleSIGTERM":true,"slowMo":0,"timeout":30000,"tracesDir":"C:\\Users\\nn\\dexterslab-robot-testing\\browser\\traces\\7a75baa1-c4e8-44ae-9c6d-e56cf5d37385"}</msg>
<arg>${browser}</arg>
<arg>headless=true</arg>
<tag>BrowserControl</tag>
<tag>Setter</tag>
<doc>Create a new playwright Browser with specified options.</doc>
<status status="PASS" start="2024-09-25T11:27:04.320083" elapsed="1.760209"/>
</kw>
<arg>firefox</arg>
<status status="PASS" start="2024-09-25T11:27:04.318142" elapsed="1.762150"/>
</kw>
<kw name="AND opens the Homepage of dexterslab" owner="resource">
<kw name="Load Json From File" owner="JSONLibrary">
<msg time="2024-09-25T11:27:06.090575" level="INFO">${file} = {'DEXTERSLAB_URL': 'http://192.168.178.53:5000/'}</msg>
<var>${file}</var>
<arg>C:\\Users\\nn\\dexterslab-robot-testing\\resources${/}config.json</arg>
<doc>Load JSON from file.</doc>
<status status="PASS" start="2024-09-25T11:27:06.088623" elapsed="0.001952"/>
</kw>
<kw name="Get Value From Json" owner="JSONLibrary">
<msg time="2024-09-25T11:27:06.178509" level="INFO">${dexterslab_url} = ['http://192.168.178.53:5000/']</msg>
<var>${dexterslab_url}</var>
<arg>${file}</arg>
<arg>$.DEXTERSLAB_URL</arg>
<doc>Get Value From JSON using JSONPath</doc>
<status status="PASS" start="2024-09-25T11:27:06.090575" elapsed="0.087934"/>
</kw>
<kw name="New Page" owner="Browser">
<msg time="2024-09-25T11:27:09.831462" level="INFO">Successfully initialized new page object and opened url: http://192.168.178.53:5000/</msg>
<msg time="2024-09-25T11:27:09.831462" level="INFO">No context was open. New context was automatically opened when this page is created.</msg>
<arg>${dexterslab_url}[0]</arg>
<tag>BrowserControl</tag>
<tag>Setter</tag>
<doc>Open a new Page.</doc>
<status status="PASS" start="2024-09-25T11:27:06.178509" elapsed="3.653929"/>
</kw>
<status status="PASS" start="2024-09-25T11:27:06.087648" elapsed="3.744790"/>
</kw>
<kw name="AND the title of the frontpage's browser-tab is" owner="resource">
<kw name="Get Title" owner="Browser">
<msg time="2024-09-25T11:27:10.087098" level="INFO">Title: 'Homeoffice 2024'</msg>
<msg time="2024-09-25T11:27:10.087098" level="INFO">${page_title} = Homeoffice 2024</msg>
<var>${page_title}</var>
<tag>Assertion</tag>
<tag>Getter</tag>
<tag>PageContent</tag>
<doc>Returns the title of the current page.</doc>
<status status="PASS" start="2024-09-25T11:27:09.895488" elapsed="0.191610"/>
</kw>
<kw name="Should Be Equal As Strings" owner="BuiltIn">
<arg>${page_title}</arg>
<arg>${tabtitle_1}</arg>
<doc>Fails if objects are unequal after converting them to strings.</doc>
<status status="PASS" start="2024-09-25T11:27:10.088074" elapsed="0.000000"/>
</kw>
<arg>Homeoffice 2024</arg>
<status status="PASS" start="2024-09-25T11:27:09.894528" elapsed="0.193546"/>
</kw>
<kw name="WHEN the user clicks the button in the left corner" owner="resource">
<kw name="Click" owner="Browser">
<msg time="2024-09-25T11:27:10.114504" level="INFO">Clicks the element 'id=menuButton'.</msg>
<arg>id=menuButton</arg>
<tag>PageContent</tag>
<tag>Setter</tag>
<doc>Simulates mouse click on the element found by ``selector``.</doc>
<status status="PASS" start="2024-09-25T11:27:10.113528" elapsed="0.439831"/>
</kw>
<status status="PASS" start="2024-09-25T11:27:10.112552" elapsed="0.442761"/>
</kw>
<kw name="AND clicks on the menu-link &quot;Men in Homeoffice Data&quot;" owner="resource">
<kw name="Click" owner="Browser">
<msg time="2024-09-25T11:27:10.639346" level="INFO">Clicks the element 'id=data_men'.</msg>
<arg>id=data_men</arg>
<tag>PageContent</tag>
<tag>Setter</tag>
<doc>Simulates mouse click on the element found by ``selector``.</doc>
<status status="PASS" start="2024-09-25T11:27:10.637393" elapsed="0.433413"/>
</kw>
<status status="PASS" start="2024-09-25T11:27:10.636417" elapsed="0.435368"/>
</kw>
<kw name="THEN a page opens up with the headline" owner="resource">
<kw name="Get Text" owner="Browser">
<msg time="2024-09-25T11:27:12.204400" level="INFO">Text: 'Men in Homeoffice Data'</msg>
<msg time="2024-09-25T11:27:12.205376" level="INFO">${headline} = Men in Homeoffice Data</msg>
<var>${headline}</var>
<arg>id=headline</arg>
<tag>Assertion</tag>
<tag>Getter</tag>
<tag>PageContent</tag>
<doc>Returns text attribute of the element found by ``selector``.</doc>
<status status="PASS" start="2024-09-25T11:27:11.121558" elapsed="1.083818"/>
</kw>
<kw name="Should Be Equal As Strings" owner="BuiltIn">
<arg>${headline}</arg>
<arg>${headline_text}</arg>
<doc>Fails if objects are unequal after converting them to strings.</doc>
<status status="PASS" start="2024-09-25T11:27:12.205376" elapsed="0.000975"/>
</kw>
<arg>Men in Homeoffice Data</arg>
<status status="PASS" start="2024-09-25T11:27:11.120582" elapsed="1.085769"/>
</kw>
<kw name="AND the title of the tab is" owner="resource">
<kw name="Get Title" owner="Browser">
<msg time="2024-09-25T11:27:12.221508" level="INFO">Title: 'Men in Homeoffice Data'</msg>
<msg time="2024-09-25T11:27:12.221508" level="INFO">${page_title} = Men in Homeoffice Data</msg>
<var>${page_title}</var>
<tag>Assertion</tag>
<tag>Getter</tag>
<tag>PageContent</tag>
<doc>Returns the title of the current page.</doc>
<status status="PASS" start="2024-09-25T11:27:12.209280" elapsed="0.012228"/>
</kw>
<kw name="Should Be Equal As Strings" owner="BuiltIn">
<arg>${page_title}</arg>
<arg>${tabtitle_2}</arg>
<doc>Fails if objects are unequal after converting them to strings.</doc>
<status status="PASS" start="2024-09-25T11:27:12.222483" elapsed="0.000986"/>
</kw>
<arg>Men in Homeoffice Data</arg>
<status status="PASS" start="2024-09-25T11:27:12.208303" elapsed="0.015166"/>
</kw>
<kw name="AND the page has a dropdown with selected number" owner="resource">
<kw name="Get Text" owner="Browser">
<msg time="2024-09-25T11:27:12.302633" level="INFO">Text: '50'</msg>
<msg time="2024-09-25T11:27:12.302633" level="INFO">${dropdown_number} = 50</msg>
<var>${dropdown_number}</var>
<arg>xpath=/html/body/div[4]/div[1]/label/select/option[3]</arg>
<tag>Assertion</tag>
<tag>Getter</tag>
<tag>PageContent</tag>
<doc>Returns text attribute of the element found by ``selector``.</doc>
<status status="PASS" start="2024-09-25T11:27:12.234721" elapsed="0.067912"/>
</kw>
<kw name="Should Be Equal As Strings" owner="BuiltIn">
<arg>${number}</arg>
<arg>${dropdown_number}</arg>
<doc>Fails if objects are unequal after converting them to strings.</doc>
<status status="PASS" start="2024-09-25T11:27:12.302633" elapsed="0.000975"/>
</kw>
<arg>50</arg>
<status status="PASS" start="2024-09-25T11:27:12.233765" elapsed="0.069843"/>
</kw>
<kw name="AND in the right corner the page contains a search bar" owner="resource">
<kw name="Wait For Elements State" owner="Browser">
<msg time="2024-09-25T11:27:12.334398" level="INFO">Waited for Element with selector xpath=/html/body/div[4]/div[2]/label/input at state visible</msg>
<arg>xpath=/html/body/div[4]/div[2]/label/input</arg>
<arg>visible</arg>
<tag>PageContent</tag>
<tag>Wait</tag>
<doc>Waits for the element found by ``selector`` to satisfy state option.</doc>
<status status="PASS" start="2024-09-25T11:27:12.306538" elapsed="0.028836"/>
</kw>
<status status="PASS" start="2024-09-25T11:27:12.305561" elapsed="0.029813"/>
</kw>
<kw name="AND the page contains a dark blue colored button with the text" owner="resource">
<kw name="Get Text" owner="Browser">
<msg time="2024-09-25T11:27:12.407191" level="INFO">Text: 'Main Menu ☰'</msg>
<msg time="2024-09-25T11:27:12.407191" level="INFO">${text} = Main Menu ☰</msg>
<var>${text}</var>
<arg>xpath=//*[@id="returnButton"]</arg>
<tag>Assertion</tag>
<tag>Getter</tag>
<tag>PageContent</tag>
<doc>Returns text attribute of the element found by ``selector``.</doc>
<status status="PASS" start="2024-09-25T11:27:12.340254" elapsed="0.066937"/>
</kw>
<kw name="Should Be Equal As Strings" owner="BuiltIn">
<arg>${text}</arg>
<arg>${button_text}</arg>
<doc>Fails if objects are unequal after converting them to strings.</doc>
<status status="PASS" start="2024-09-25T11:27:12.408167" elapsed="0.000000"/>
</kw>
<arg>Main Menu ☰</arg>
<status status="PASS" start="2024-09-25T11:27:12.339278" elapsed="0.069866"/>
</kw>
<kw name="AND the page contains another blue button with the text" owner="resource">
<kw name="Get Text" owner="Browser">
<msg time="2024-09-25T11:27:12.474752" level="INFO">Text: 'Create Record'</msg>
<msg time="2024-09-25T11:27:12.474752" level="INFO">${text} = Create Record</msg>
<var>${text}</var>
<arg>xpath=//*[@id="create_button"]</arg>
<tag>Assertion</tag>
<tag>Getter</tag>
<tag>PageContent</tag>
<doc>Returns text attribute of the element found by ``selector``.</doc>
<status status="PASS" start="2024-09-25T11:27:12.414022" elapsed="0.060730"/>
</kw>
<kw name="Should Be Equal As Strings" owner="BuiltIn">
<arg>${text}</arg>
<arg>${button_text}</arg>
<doc>Fails if objects are unequal after converting them to strings.</doc>
<status status="PASS" start="2024-09-25T11:27:12.475728" elapsed="0.000000"/>
</kw>
<arg>Create Record</arg>
<status status="PASS" start="2024-09-25T11:27:12.413046" elapsed="0.063657"/>
</kw>
<kw name="AND the page contains a table with number of entries" owner="resource">
<kw name="Get Element Count" owner="Browser">
<msg time="2024-09-25T11:27:12.503062" level="INFO">${rows} = 4</msg>
<var>${rows}</var>
<arg>xpath=/html/body/div[4]/table/tbody/tr</arg>
<tag>Assertion</tag>
<tag>Getter</tag>
<tag>PageContent</tag>
<doc>Returns the count of elements found with ``selector``.</doc>
<status status="PASS" start="2024-09-25T11:27:12.487457" elapsed="0.015605"/>
</kw>
<kw name="Log To Console" owner="BuiltIn">
<arg>${rows}</arg>
<doc>Logs the given message to the console.</doc>
<status status="PASS" start="2024-09-25T11:27:12.504031" elapsed="0.004882"/>
</kw>
<kw name="Should Be Equal As Strings" owner="BuiltIn">
<msg time="2024-09-25T11:27:12.509886" level="INFO">Argument types are:
&lt;class 'int'&gt;
&lt;class 'str'&gt;</msg>
<arg>${rows}</arg>
<arg>${number_of_rows}</arg>
<doc>Fails if objects are unequal after converting them to strings.</doc>
<status status="PASS" start="2024-09-25T11:27:12.509886" elapsed="0.000978"/>
</kw>
<arg>4</arg>
<status status="PASS" start="2024-09-25T11:27:12.486463" elapsed="0.024401"/>
</kw>
<kw name="AND the table has number of columns" owner="resource">
<kw name="Get Element Count" owner="Browser">
<msg time="2024-09-25T11:27:12.527456" level="INFO">${rows} = 5</msg>
<var>${rows}</var>
<arg>xpath=/html/body/div[4]/table/tbody/tr[1]/td</arg>
<tag>Assertion</tag>
<tag>Getter</tag>
<tag>PageContent</tag>
<doc>Returns the count of elements found with ``selector``.</doc>
<status status="PASS" start="2024-09-25T11:27:12.513810" elapsed="0.013646"/>
</kw>
<kw name="Log To Console" owner="BuiltIn">
<arg>${rows}</arg>
<doc>Logs the given message to the console.</doc>
<status status="PASS" start="2024-09-25T11:27:12.527456" elapsed="0.002926"/>
</kw>
<kw name="Should Be Equal As Strings" owner="BuiltIn">
<msg time="2024-09-25T11:27:12.531360" level="INFO">Argument types are:
&lt;class 'int'&gt;
&lt;class 'str'&gt;</msg>
<arg>${rows}</arg>
<arg>${number_of_rows}</arg>
<doc>Fails if objects are unequal after converting them to strings.</doc>
<status status="PASS" start="2024-09-25T11:27:12.530382" elapsed="0.000978"/>
</kw>
<arg>5</arg>
<status status="PASS" start="2024-09-25T11:27:12.511841" elapsed="0.020496"/>
</kw>
<kw name="AND the first column has the title" owner="resource">
<kw name="Get Text" owner="Browser">
<msg time="2024-09-25T11:27:12.600074" level="INFO">Text: 'Id'</msg>
<msg time="2024-09-25T11:27:12.601050" level="INFO">${title} = Id</msg>
<var>${title}</var>
<arg>xpath=/html/body/div[4]/table/thead/tr/th[1]</arg>
<tag>Assertion</tag>
<tag>Getter</tag>
<tag>PageContent</tag>
<doc>Returns text attribute of the element found by ``selector``.</doc>
<status status="PASS" start="2024-09-25T11:27:12.533844" elapsed="0.067206"/>
</kw>
<kw name="Should Be Equal As Strings" owner="BuiltIn">
<arg>${title}</arg>
<arg>${column_title}</arg>
<doc>Fails if objects are unequal after converting them to strings.</doc>
<status status="PASS" start="2024-09-25T11:27:12.602031" elapsed="0.000000"/>
</kw>
<arg>Id</arg>
<status status="PASS" start="2024-09-25T11:27:12.532337" elapsed="0.070667"/>
</kw>
<kw name="AND the second column has the title" owner="resource">
<kw name="Get Text" owner="Browser">
<msg time="2024-09-25T11:27:12.686042" level="INFO">Text: 'Aspekt'</msg>
<msg time="2024-09-25T11:27:12.686042" level="INFO">${title} = Aspekt</msg>
<var>${title}</var>
<arg>xpath=/html/body/div[4]/table/thead/tr/th[2]</arg>
<tag>Assertion</tag>
<tag>Getter</tag>
<tag>PageContent</tag>
<doc>Returns text attribute of the element found by ``selector``.</doc>
<status status="PASS" start="2024-09-25T11:27:12.604077" elapsed="0.081965"/>
</kw>
<kw name="Should Be Equal As Strings" owner="BuiltIn">
<arg>${title}</arg>
<arg>${column_title}</arg>
<doc>Fails if objects are unequal after converting them to strings.</doc>
<status status="PASS" start="2024-09-25T11:27:12.687013" elapsed="0.000984"/>
</kw>
<arg>Aspekt</arg>
<status status="PASS" start="2024-09-25T11:27:12.603540" elapsed="0.084457"/>
</kw>
<kw name="AND the third column has the title" owner="resource">
<kw name="Get Text" owner="Browser">
<msg time="2024-09-25T11:27:12.749228" level="INFO">Text: 'Value'</msg>
<msg time="2024-09-25T11:27:12.749228" level="INFO">${title} = Value</msg>
<var>${title}</var>
<arg>xpath=/html/body/div[4]/table/thead/tr/th[3]</arg>
<tag>Assertion</tag>
<tag>Getter</tag>
<tag>PageContent</tag>
<doc>Returns text attribute of the element found by ``selector``.</doc>
<status status="PASS" start="2024-09-25T11:27:12.689942" elapsed="0.060264"/>
</kw>
<kw name="Should Be Equal As Strings" owner="BuiltIn">
<arg>${title}</arg>
<arg>${column_title}</arg>
<doc>Fails if objects are unequal after converting them to strings.</doc>
<status status="PASS" start="2024-09-25T11:27:12.750206" elapsed="0.000975"/>
</kw>
<arg>Value</arg>
<status status="PASS" start="2024-09-25T11:27:12.688965" elapsed="0.062216"/>
</kw>
<kw name="AND the fourth column contains an edit-button and a delete-button" owner="resource">
<kw name="Wait For Elements State" owner="Browser">
<msg time="2024-09-25T11:27:12.773628" level="INFO">Waited for Element with selector xpath=/html/body/div[4]/table/tbody/tr[1]/td[4]/i at state visible</msg>
<arg>xpath=/html/body/div[4]/table/tbody/tr[1]/td[4]/i</arg>
<arg>visible</arg>
<tag>PageContent</tag>
<tag>Wait</tag>
<doc>Waits for the element found by ``selector`` to satisfy state option.</doc>
<status status="PASS" start="2024-09-25T11:27:12.754124" elapsed="0.020480"/>
</kw>
<kw name="Wait For Elements State" owner="Browser">
<msg time="2024-09-25T11:27:12.791196" level="INFO">Waited for Element with selector xpath=/html/body/div[4]/table/tbody/tr[1]/td[5]/button/i at state visible</msg>
<arg>xpath=/html/body/div[4]/table/tbody/tr[1]/td[5]/button/i</arg>
<arg>visible</arg>
<tag>PageContent</tag>
<tag>Wait</tag>
<doc>Waits for the element found by ``selector`` to satisfy state option.</doc>
<status status="PASS" start="2024-09-25T11:27:12.774604" elapsed="0.017571"/>
</kw>
<status status="PASS" start="2024-09-25T11:27:12.753134" elapsed="0.039041"/>
</kw>
<kw name="AND the the rows have certain text-entries" owner="resource">
<kw name="Set Variable" owner="BuiltIn">
<msg time="2024-09-25T11:27:12.801011" level="INFO">${file_path} = C:\Users\nn\dexterslab-robot-testing\resources\data_men.json</msg>
<var>${file_path}</var>
<arg>C:\\Users\\nn\\dexterslab-robot-testing\\resources${/}data_men.json</arg>
<doc>Returns the given values which can then be assigned to a variables.</doc>
<status status="PASS" start="2024-09-25T11:27:12.801011" elapsed="0.000983"/>
</kw>
<kw name="Load Json Utf8" owner="json_utils">
<msg time="2024-09-25T11:27:12.803491" level="INFO">${file} = [{'Id': '0', 'Aspekt': 'Nutzen zumindest teilweise eine Form des mobilen Arbeitens', 'Value': '31%'}, {'Id': '1', 'Aspekt': 'Davon im Büro bei einem Vollzeit Job', 'Value': '70%'}, {'Id': '2', 'Aspekt...</msg>
<var>${file}</var>
<arg>${file_path}</arg>
<status status="PASS" start="2024-09-25T11:27:12.801994" elapsed="0.001497"/>
</kw>
<kw name="Evaluate" owner="BuiltIn">
<msg time="2024-09-25T11:27:12.805427" level="INFO">${data} = [{'Id': '0', 'Aspekt': 'Nutzen zumindest teilweise eine Form des mobilen Arbeitens', 'Value': '31%'}, {'Id': '1', 'Aspekt': 'Davon im Büro bei einem Vollzeit Job', 'Value': '70%'}, {'Id': '2', 'Aspekt...</msg>
<var>${data}</var>
<arg>json.loads(json.dumps(${file}))</arg>
<arg>json</arg>
<doc>Evaluates the given expression in Python and returns the result.</doc>
<status status="PASS" start="2024-09-25T11:27:12.803491" elapsed="0.001936"/>
</kw>
<kw name="Log To Console" owner="BuiltIn">
<arg>${data}</arg>
<doc>Logs the given message to the console.</doc>
<status status="PASS" start="2024-09-25T11:27:12.805427" elapsed="0.016131"/>
</kw>
<for flavor="IN">
<iter>
<kw name="Log To Console" owner="BuiltIn">
<arg>${json}</arg>
<doc>Logs the given message to the console.</doc>
<status status="PASS" start="2024-09-25T11:27:12.822536" elapsed="0.000975"/>
</kw>
<var name="${json}">{'Id': '0', 'Aspekt': 'Nutzen zumindest teilweise eine Form des mobilen Arbeitens', 'Value': '31%'}</var>
<status status="PASS" start="2024-09-25T11:27:12.822536" elapsed="0.000975"/>
</iter>
<iter>
<kw name="Log To Console" owner="BuiltIn">
<arg>${json}</arg>
<doc>Logs the given message to the console.</doc>
<status status="PASS" start="2024-09-25T11:27:12.824489" elapsed="0.000975"/>
</kw>
<var name="${json}">{'Id': '1', 'Aspekt': 'Davon im Büro bei einem Vollzeit Job', 'Value': '70%'}</var>
<status status="PASS" start="2024-09-25T11:27:12.824489" elapsed="0.001949"/>
</iter>
<iter>
<kw name="Log To Console" owner="BuiltIn">
<arg>${json}</arg>
<doc>Logs the given message to the console.</doc>
<status status="PASS" start="2024-09-25T11:27:12.827416" elapsed="0.001969"/>
</kw>
<var name="${json}">{'Id': '2', 'Aspekt': 'Davon im Büro bei einem Teilzeit Job', 'Value': '56%'}</var>
<status status="PASS" start="2024-09-25T11:27:12.826438" elapsed="0.003925"/>
</iter>
<iter>
<kw name="Log To Console" owner="BuiltIn">
<arg>${json}</arg>
<doc>Logs the given message to the console.</doc>
<status status="PASS" start="2024-09-25T11:27:12.832294" elapsed="0.000000"/>
</kw>
<var name="${json}">{'Id': '3', 'Aspekt': 'Männer, die prinzipiell kein Homeoffice machen wollen', 'Value': '2%'}</var>
<status status="PASS" start="2024-09-25T11:27:12.831331" elapsed="0.001939"/>
</iter>
<var>${json}</var>
<value>@{data}</value>
<status status="PASS" start="2024-09-25T11:27:12.821558" elapsed="0.011712"/>
</for>
<status status="PASS" start="2024-09-25T11:27:12.800071" elapsed="0.033728"/>
</kw>
<doc>testing the content of the data-men-table page</doc>
<status status="PASS" start="2024-09-25T11:27:04.305442" elapsed="8.528357"/>
</test>
<doc>testing the content of "Men in Homeoffice"-Statistic table page</doc>
<status status="PASS" start="2024-09-25T11:27:01.355252" elapsed="11.621146"/>
</suite>
<statistics>
<total>
<stat pass="1" fail="0" skip="0">All Tests</stat>
</total>
<tag>
</tag>
<suite>
<stat pass="1" fail="0" skip="0" id="s1" name="Table Content">Table Content</stat>
</suite>
</statistics>
<errors>
</errors>
</robot>
